[18-May-2021 19:57:31 Asia/Katmandu] Login fail nice@nice.com adcd86db04d1130046681a4ae71f8a4a
[18-May-2021 19:57:49 Asia/Katmandu] Login success nice@nice.com
[18-May-2021 20:00:16 Asia/Katmandu] Login success nice@nice.com
[19-May-2021 11:39:57 Asia/Katmandu] Login success nice@nice.com
[19-May-2021 13:30:46 Asia/Katmandu] Login success nice@nice.com
[19-May-2021 13:45:13 Asia/Katmandu] Login fail umsi@umich.edu da6523a488577c99148969e5841908ae
[19-May-2021 13:45:14 Asia/Katmandu] Login success umsi@umich.edu
[19-May-2021 13:45:14 Asia/Katmandu] PHP Notice:  Undefined index: email in /var/www/html/login.php on line 16
[19-May-2021 13:46:04 Asia/Katmandu] Login fail umsi@umich.edu da6523a488577c99148969e5841908ae
[19-May-2021 13:46:04 Asia/Katmandu] Login success umsi@umich.edu
[19-May-2021 13:46:04 Asia/Katmandu] PHP Notice:  Undefined index: email in /var/www/html/login.php on line 16
[19-May-2021 13:46:54 Asia/Katmandu] Login fail umsi@umich.edu da6523a488577c99148969e5841908ae
[19-May-2021 13:46:54 Asia/Katmandu] Login success umsi@umich.edu
[19-May-2021 13:46:54 Asia/Katmandu] PHP Notice:  Undefined index: email in /var/www/html/login.php on line 16
[19-May-2021 13:51:18 Asia/Katmandu] Login fail umsi@umich.edu da6523a488577c99148969e5841908ae
[19-May-2021 13:51:18 Asia/Katmandu] Login success umsi@umich.edu
[19-May-2021 13:51:18 Asia/Katmandu] PHP Notice:  Undefined index: email in /var/www/html/login.php on line 16
[19-May-2021 13:53:59 Asia/Katmandu] Login success nice@nice.com
[19-May-2021 13:53:59 Asia/Katmandu] PHP Notice:  Undefined index: email in /var/www/html/login.php on line 16
[19-May-2021 13:54:24 Asia/Katmandu] Login fail umsi@umich.edu da6523a488577c99148969e5841908ae
[19-May-2021 13:54:25 Asia/Katmandu] Login success umsi@umich.edu
[19-May-2021 13:54:25 Asia/Katmandu] PHP Notice:  Undefined index: email in /var/www/html/login.php on line 16
[19-May-2021 13:56:03 Asia/Katmandu] Login fail umsi@umich.edu da6523a488577c99148969e5841908ae
[19-May-2021 13:56:03 Asia/Katmandu] Login success umsi@umich.edu
[19-May-2021 13:56:03 Asia/Katmandu] PHP Notice:  Undefined index: email in /var/www/html/login.php on line 16
